<?xml version="1.0" encoding="UTF-8"?>
<coverage generated="1554038848694" clover="3.2.0">
  <project timestamp="1554038848694" name="All files">
    <metrics statements="179" coveredstatements="33" conditionals="450" coveredconditionals="3" methods="85" coveredmethods="2" elements="714" coveredelements="38" complexity="0" loc="179" ncloc="179" packages="6" files="8" classes="8">
      <package name="simulateMyAccountsAndRatios">
        <metrics statements="1" coveredstatements="0" conditionals="0" coveredconditionals="0" methods="0" coveredmethods="0"/>
        <file name="jest.config.js" path="/Users/myfamily/Documents/00CurWorks/AllCode/ReactJS/simulateMyAccountsAndRatios/jest.config.js">
          <metrics statements="1" coveredstatements="0" conditionals="0" coveredconditionals="0" methods="0" coveredmethods="0"/>
          <line num="1" count="0" type="stmt"/>
        </file>
      </package>
      <package name="simulateMyAccountsAndRatios.coverage.lcov-report">
        <metrics statements="78" coveredstatements="0" conditionals="306" coveredconditionals="0" methods="46" coveredmethods="0"/>
        <file name="prettify.js" path="/Users/myfamily/Documents/00CurWorks/AllCode/ReactJS/simulateMyAccountsAndRatios/coverage/lcov-report/prettify.js">
          <metrics statements="1" coveredstatements="0" conditionals="284" coveredconditionals="0" methods="29" coveredmethods="0"/>
          <line num="1" count="0" type="cond" truecount="0" falsecount="284"/>
        </file>
        <file name="sorter.js" path="/Users/myfamily/Documents/00CurWorks/AllCode/ReactJS/simulateMyAccountsAndRatios/coverage/lcov-report/sorter.js">
          <metrics statements="77" coveredstatements="0" conditionals="22" coveredconditionals="0" methods="17" coveredmethods="0"/>
          <line num="1" count="0" type="stmt"/>
          <line num="4" count="0" type="stmt"/>
          <line num="10" count="0" type="stmt"/>
          <line num="12" count="0" type="stmt"/>
          <line num="14" count="0" type="stmt"/>
          <line num="16" count="0" type="stmt"/>
          <line num="20" count="0" type="stmt"/>
          <line num="22" count="0" type="stmt"/>
          <line num="26" count="0" type="stmt"/>
          <line num="27" count="0" type="stmt"/>
          <line num="28" count="0" type="stmt"/>
          <line num="33" count="0" type="stmt"/>
          <line num="34" count="0" type="cond" truecount="0" falsecount="2"/>
          <line num="35" count="0" type="stmt"/>
          <line num="36" count="0" type="stmt"/>
          <line num="39" count="0" type="stmt"/>
          <line num="44" count="0" type="stmt"/>
          <line num="47" count="0" type="stmt"/>
          <line num="50" count="0" type="stmt"/>
          <line num="51" count="0" type="stmt"/>
          <line num="52" count="0" type="stmt"/>
          <line num="53" count="0" type="stmt"/>
          <line num="54" count="0" type="cond" truecount="0" falsecount="2"/>
          <line num="55" count="0" type="stmt"/>
          <line num="57" count="0" type="stmt"/>
          <line num="59" count="0" type="stmt"/>
          <line num="63" count="0" type="stmt"/>
          <line num="66" count="0" type="stmt"/>
          <line num="67" count="0" type="stmt"/>
          <line num="72" count="0" type="stmt"/>
          <line num="73" count="0" type="stmt"/>
          <line num="74" count="0" type="stmt"/>
          <line num="75" count="0" type="stmt"/>
          <line num="76" count="0" type="cond" truecount="0" falsecount="4"/>
          <line num="78" count="0" type="stmt"/>
          <line num="79" count="0" type="stmt"/>
          <line num="80" count="0" type="stmt"/>
          <line num="81" count="0" type="stmt"/>
          <line num="84" count="0" type="cond" truecount="0" falsecount="2"/>
          <line num="85" count="0" type="stmt"/>
          <line num="86" count="0" type="stmt"/>
          <line num="90" count="0" type="stmt"/>
          <line num="91" count="0" type="stmt"/>
          <line num="92" count="0" type="stmt"/>
          <line num="95" count="0" type="stmt"/>
          <line num="97" count="0" type="stmt"/>
          <line num="98" count="0" type="stmt"/>
          <line num="103" count="0" type="stmt"/>
          <line num="104" count="0" type="stmt"/>
          <line num="106" count="0" type="stmt"/>
          <line num="107" count="0" type="stmt"/>
          <line num="111" count="0" type="cond" truecount="0" falsecount="2"/>
          <line num="117" count="0" type="stmt"/>
          <line num="118" count="0" type="stmt"/>
          <line num="120" count="0" type="stmt"/>
          <line num="121" count="0" type="stmt"/>
          <line num="123" count="0" type="cond" truecount="0" falsecount="2"/>
          <line num="124" count="0" type="stmt"/>
          <line num="126" count="0" type="stmt"/>
          <line num="127" count="0" type="stmt"/>
          <line num="128" count="0" type="stmt"/>
          <line num="129" count="0" type="stmt"/>
          <line num="130" count="0" type="stmt"/>
          <line num="133" count="0" type="stmt"/>
          <line num="134" count="0" type="cond" truecount="0" falsecount="2"/>
          <line num="137" count="0" type="stmt"/>
          <line num="138" count="0" type="cond" truecount="0" falsecount="2"/>
          <line num="139" count="0" type="stmt"/>
          <line num="141" count="0" type="stmt"/>
          <line num="147" count="0" type="stmt"/>
          <line num="148" count="0" type="cond" truecount="0" falsecount="2"/>
          <line num="149" count="0" type="stmt"/>
          <line num="151" count="0" type="stmt"/>
          <line num="152" count="0" type="stmt"/>
          <line num="153" count="0" type="stmt"/>
          <line num="154" count="0" type="stmt"/>
          <line num="158" count="0" type="stmt"/>
        </file>
      </package>
      <package name="simulateMyAccountsAndRatios.src">
        <metrics statements="1" coveredstatements="1" conditionals="0" coveredconditionals="0" methods="0" coveredmethods="0"/>
        <file name="setupTests.js" path="/Users/myfamily/Documents/00CurWorks/AllCode/ReactJS/simulateMyAccountsAndRatios/src/setupTests.js">
          <metrics statements="1" coveredstatements="1" conditionals="0" coveredconditionals="0" methods="0" coveredmethods="0"/>
          <line num="5" count="4" type="stmt"/>
        </file>
      </package>
      <package name="simulateMyAccountsAndRatios.src.components">
        <metrics statements="26" coveredstatements="10" conditionals="11" coveredconditionals="1" methods="14" coveredmethods="2"/>
        <file name="PostingsList.js" path="/Users/myfamily/Documents/00CurWorks/AllCode/ReactJS/simulateMyAccountsAndRatios/src/components/PostingsList.js">
          <metrics statements="26" coveredstatements="10" conditionals="11" coveredconditionals="1" methods="14" coveredmethods="2"/>
          <line num="16" count="1" type="stmt"/>
          <line num="20" count="1" type="stmt"/>
          <line num="21" count="1" type="stmt"/>
          <line num="27" count="1" type="stmt"/>
          <line num="28" count="1" type="stmt"/>
          <line num="33" count="0" type="stmt"/>
          <line num="37" count="0" type="stmt"/>
          <line num="38" count="0" type="stmt"/>
          <line num="39" count="0" type="stmt"/>
          <line num="43" count="0" type="cond" truecount="0" falsecount="2"/>
          <line num="44" count="0" type="stmt"/>
          <line num="52" count="0" type="stmt"/>
          <line num="57" count="0" type="stmt"/>
          <line num="63" count="0" type="cond" truecount="0" falsecount="2"/>
          <line num="64" count="0" type="stmt"/>
          <line num="66" count="0" type="stmt"/>
          <line num="74" count="1" type="stmt"/>
          <line num="75" count="1" type="stmt"/>
          <line num="77" count="1" type="stmt"/>
          <line num="78" count="1" type="stmt"/>
          <line num="125" count="0" type="stmt"/>
          <line num="126" count="0" type="stmt"/>
          <line num="131" count="0" type="stmt"/>
          <line num="132" count="0" type="stmt"/>
          <line num="143" count="1" type="stmt"/>
          <line num="144" count="0" type="stmt"/>
        </file>
      </package>
      <package name="simulateMyAccountsAndRatios.src.firebase">
        <metrics statements="4" coveredstatements="4" conditionals="2" coveredconditionals="2" methods="0" coveredmethods="0"/>
        <file name="firebase.js" path="/Users/myfamily/Documents/00CurWorks/AllCode/ReactJS/simulateMyAccountsAndRatios/src/firebase/firebase.js">
          <metrics statements="4" coveredstatements="4" conditionals="2" coveredconditionals="2" methods="0" coveredmethods="0"/>
          <line num="4" count="2" type="stmt"/>
          <line num="13" count="2" type="stmt"/>
          <line num="15" count="2" type="stmt"/>
          <line num="17" count="2" type="stmt"/>
        </file>
      </package>
      <package name="simulateMyAccountsAndRatios.src.selectors">
        <metrics statements="69" coveredstatements="18" conditionals="131" coveredconditionals="0" methods="25" coveredmethods="0"/>
        <file name="postings.js" path="/Users/myfamily/Documents/00CurWorks/AllCode/ReactJS/simulateMyAccountsAndRatios/src/selectors/postings.js">
          <metrics statements="31" coveredstatements="9" conditionals="65" coveredconditionals="0" methods="12" coveredmethods="0"/>
          <line num="4" count="1" type="stmt"/>
          <line num="5" count="1" type="cond" truecount="0" falsecount="2"/>
          <line num="6" count="1" type="cond" truecount="0" falsecount="2"/>
          <line num="7" count="1" type="cond" truecount="0" falsecount="2"/>
          <line num="8" count="1" type="cond" truecount="0" falsecount="2"/>
          <line num="9" count="1" type="cond" truecount="0" falsecount="2"/>
          <line num="10" count="1" type="cond" truecount="0" falsecount="2"/>
          <line num="11" count="1" type="cond" truecount="0" falsecount="2"/>
          <line num="13" count="1" type="stmt"/>
          <line num="20" count="0" type="cond" truecount="0" falsecount="4"/>
          <line num="21" count="0" type="stmt"/>
          <line num="22" count="0" type="cond" truecount="0" falsecount="2"/>
          <line num="23" count="0" type="cond" truecount="0" falsecount="2"/>
          <line num="24" count="0" type="stmt"/>
          <line num="26" count="0" type="cond" truecount="0" falsecount="2"/>
          <line num="27" count="0" type="cond" truecount="0" falsecount="2"/>
          <line num="29" count="0" type="stmt"/>
          <line num="30" count="0" type="cond" truecount="0" falsecount="2"/>
          <line num="31" count="0" type="cond" truecount="0" falsecount="4"/>
          <line num="32" count="0" type="cond" truecount="0" falsecount="4"/>
          <line num="33" count="0" type="cond" truecount="0" falsecount="4"/>
          <line num="34" count="0" type="cond" truecount="0" falsecount="4"/>
          <line num="37" count="0" type="cond" truecount="0" falsecount="5"/>
          <line num="40" count="0" type="cond" truecount="0" falsecount="2"/>
          <line num="41" count="0" type="cond" truecount="0" falsecount="2"/>
          <line num="42" count="0" type="cond" truecount="0" falsecount="2"/>
          <line num="43" count="0" type="cond" truecount="0" falsecount="2"/>
          <line num="44" count="0" type="cond" truecount="0" falsecount="2"/>
          <line num="45" count="0" type="cond" truecount="0" falsecount="2"/>
          <line num="46" count="0" type="cond" truecount="0" falsecount="2"/>
          <line num="47" count="0" type="cond" truecount="0" falsecount="2"/>
        </file>
        <file name="separateLines.js" path="/Users/myfamily/Documents/00CurWorks/AllCode/ReactJS/simulateMyAccountsAndRatios/src/selectors/separateLines.js">
          <metrics statements="38" coveredstatements="9" conditionals="66" coveredconditionals="0" methods="13" coveredmethods="0"/>
          <line num="5" count="1" type="stmt"/>
          <line num="6" count="1" type="cond" truecount="0" falsecount="2"/>
          <line num="7" count="1" type="cond" truecount="0" falsecount="2"/>
          <line num="8" count="1" type="cond" truecount="0" falsecount="2"/>
          <line num="9" count="1" type="cond" truecount="0" falsecount="2"/>
          <line num="10" count="1" type="cond" truecount="0" falsecount="2"/>
          <line num="11" count="1" type="cond" truecount="0" falsecount="2"/>
          <line num="12" count="1" type="cond" truecount="0" falsecount="2"/>
          <line num="14" count="1" type="stmt"/>
          <line num="18" count="0" type="stmt"/>
          <line num="20" count="0" type="stmt"/>
          <line num="21" count="0" type="cond" truecount="0" falsecount="2"/>
          <line num="22" count="0" type="stmt"/>
          <line num="23" count="0" type="stmt"/>
          <line num="24" count="0" type="stmt"/>
          <line num="25" count="0" type="stmt"/>
          <line num="26" count="0" type="stmt"/>
          <line num="27" count="0" type="stmt"/>
          <line num="42" count="0" type="cond" truecount="0" falsecount="4"/>
          <line num="43" count="0" type="stmt"/>
          <line num="44" count="0" type="cond" truecount="0" falsecount="2"/>
          <line num="45" count="0" type="cond" truecount="0" falsecount="2"/>
          <line num="47" count="0" type="cond" truecount="0" falsecount="2"/>
          <line num="48" count="0" type="cond" truecount="0" falsecount="2"/>
          <line num="51" count="0" type="cond" truecount="0" falsecount="2"/>
          <line num="52" count="0" type="cond" truecount="0" falsecount="4"/>
          <line num="53" count="0" type="cond" truecount="0" falsecount="4"/>
          <line num="54" count="0" type="cond" truecount="0" falsecount="4"/>
          <line num="55" count="0" type="cond" truecount="0" falsecount="4"/>
          <line num="58" count="0" type="cond" truecount="0" falsecount="4"/>
          <line num="62" count="0" type="cond" truecount="0" falsecount="2"/>
          <line num="63" count="0" type="cond" truecount="0" falsecount="2"/>
          <line num="64" count="0" type="cond" truecount="0" falsecount="2"/>
          <line num="65" count="0" type="cond" truecount="0" falsecount="2"/>
          <line num="66" count="0" type="cond" truecount="0" falsecount="2"/>
          <line num="67" count="0" type="cond" truecount="0" falsecount="2"/>
          <line num="68" count="0" type="cond" truecount="0" falsecount="2"/>
          <line num="69" count="0" type="cond" truecount="0" falsecount="2"/>
        </file>
      </package>
    </metrics>
  </project>
</coverage>
